<?xml version="1.0" encoding="UTF-8" ?>
<testsuites>

  <testsuite name="util/getBrownies" errors="2" tests="1" failures="1" time="5.036" timestamp="Wed Jun 08 2016 22:44:04 GMT+0530 (IST)">
    
      <testcase assertions="0" classname="util/getBrownies" name="successful ajax request" time="5.026">
        
          <failure><![CDATA[Expected 0 to be 1.]]></failure>
        
          <failure><![CDATA[Error: Timeout - Async callback was not invoked within timeout specified by jasmine.DEFAULT_TIMEOUT_INTERVAL.]]></failure>
        
      </testcase>
    
  </testsuite>

</testsuites>