<?xml version="1.0" encoding="UTF-8" ?>
<testsuites>

  <testsuite name="util.random" errors="0" tests="0" failures="0" time="0.007" timestamp="Sun Jun 05 2016 14:58:42 GMT+0530 (IST)">
    
  </testsuite>

</testsuites>