<?xml version="1.0" encoding="UTF-8" ?>
<testsuites>

  <testsuite name="util.random" errors="0" tests="0" failures="0" time="0.005" timestamp="Sat Jun 04 2016 00:34:28 GMT+0530 (IST)">
    
  </testsuite>

</testsuites>