<?xml version="1.0" encoding="UTF-8" ?>
<testsuites>

  <testsuite name="util.random randomBelow" errors="0" tests="2" failures="0" time="0.008" timestamp="Wed Jun 08 2016 22:35:50 GMT+0530 (IST)">
    
      <testcase assertions="0" classname="util.random randomBelow" name="should multiply correctly" time="0.003">
        
      </testcase>
    
      <testcase assertions="0" classname="util.random randomBelow" name="should validate its arguments" time="0.002">
        
      </testcase>
    
  </testsuite>

</testsuites>